0 info it worked if it ends with ok
1 verbose cli [ 'C:\\Program Files\\nodejs\\\\node.exe',
1 verbose cli   'C:\\Program Files\\nodejs\\node_modules\\npm\\bin\\npm-cli.js',
1 verbose cli   'install' ]
2 info using npm@1.4.28
3 info using node@v0.10.36
4 verbose node symlink C:\Program Files\nodejs\\node.exe
5 verbose readDependencies using package.json deps
6 verbose install where, deps [ 'C:\\Users\\Akshay\\Documents\\GitHub\\giftgenie.io',
6 verbose install   [ 'consolidate', 'express', 'mongodb', 'https' ] ]
7 info preinstall giftgenie.io@0.12.4
8 verbose readDependencies using package.json deps
9 verbose cache add [ 'consolidate@~0.9.1', null ]
10 verbose cache add name=undefined spec="consolidate@~0.9.1" args=["consolidate@~0.9.1",null]
11 verbose parsed url { protocol: null,
11 verbose parsed url   slashes: null,
11 verbose parsed url   auth: null,
11 verbose parsed url   host: null,
11 verbose parsed url   port: null,
11 verbose parsed url   hostname: null,
11 verbose parsed url   hash: null,
11 verbose parsed url   search: null,
11 verbose parsed url   query: null,
11 verbose parsed url   pathname: 'consolidate@~0.9.1',
11 verbose parsed url   path: 'consolidate@~0.9.1',
11 verbose parsed url   href: 'consolidate@~0.9.1' }
12 verbose cache add [ 'express@3.x', null ]
13 verbose cache add name=undefined spec="express@3.x" args=["express@3.x",null]
14 verbose parsed url { protocol: null,
14 verbose parsed url   slashes: null,
14 verbose parsed url   auth: null,
14 verbose parsed url   host: null,
14 verbose parsed url   port: null,
14 verbose parsed url   hostname: null,
14 verbose parsed url   hash: null,
14 verbose parsed url   search: null,
14 verbose parsed url   query: null,
14 verbose parsed url   pathname: 'express@3.x',
14 verbose parsed url   path: 'express@3.x',
14 verbose parsed url   href: 'express@3.x' }
15 verbose cache add [ 'mongodb@~1.3.10', null ]
16 verbose cache add name=undefined spec="mongodb@~1.3.10" args=["mongodb@~1.3.10",null]
17 verbose parsed url { protocol: null,
17 verbose parsed url   slashes: null,
17 verbose parsed url   auth: null,
17 verbose parsed url   host: null,
17 verbose parsed url   port: null,
17 verbose parsed url   hostname: null,
17 verbose parsed url   hash: null,
17 verbose parsed url   search: null,
17 verbose parsed url   query: null,
17 verbose parsed url   pathname: 'mongodb@~1.3.10',
17 verbose parsed url   path: 'mongodb@~1.3.10',
17 verbose parsed url   href: 'mongodb@~1.3.10' }
18 verbose cache add [ 'https@0.12.3', null ]
19 verbose cache add name=undefined spec="https@0.12.3" args=["https@0.12.3",null]
20 verbose parsed url { protocol: null,
20 verbose parsed url   slashes: null,
20 verbose parsed url   auth: null,
20 verbose parsed url   host: null,
20 verbose parsed url   port: null,
20 verbose parsed url   hostname: null,
20 verbose parsed url   hash: null,
20 verbose parsed url   search: null,
20 verbose parsed url   query: null,
20 verbose parsed url   pathname: 'https@0.12.3',
20 verbose parsed url   path: 'https@0.12.3',
20 verbose parsed url   href: 'https@0.12.3' }
21 verbose cache add name="consolidate" spec="~0.9.1" args=["consolidate","~0.9.1"]
22 verbose parsed url { protocol: null,
22 verbose parsed url   slashes: null,
22 verbose parsed url   auth: null,
22 verbose parsed url   host: null,
22 verbose parsed url   port: null,
22 verbose parsed url   hostname: null,
22 verbose parsed url   hash: null,
22 verbose parsed url   search: null,
22 verbose parsed url   query: null,
22 verbose parsed url   pathname: '~0.9.1',
22 verbose parsed url   path: '~0.9.1',
22 verbose parsed url   href: '~0.9.1' }
23 verbose addNamed [ 'consolidate', '~0.9.1' ]
24 verbose addNamed [ null, '>=0.9.1-0 <0.10.0-0' ]
25 verbose cache add name="express" spec="3.x" args=["express","3.x"]
26 verbose parsed url { protocol: null,
26 verbose parsed url   slashes: null,
26 verbose parsed url   auth: null,
26 verbose parsed url   host: null,
26 verbose parsed url   port: null,
26 verbose parsed url   hostname: null,
26 verbose parsed url   hash: null,
26 verbose parsed url   search: null,
26 verbose parsed url   query: null,
26 verbose parsed url   pathname: '3.x',
26 verbose parsed url   path: '3.x',
26 verbose parsed url   href: '3.x' }
27 verbose addNamed [ 'express', '3.x' ]
28 verbose addNamed [ null, '>=3.0.0-0 <4.0.0-0' ]
29 verbose cache add name="mongodb" spec="~1.3.10" args=["mongodb","~1.3.10"]
30 verbose parsed url { protocol: null,
30 verbose parsed url   slashes: null,
30 verbose parsed url   auth: null,
30 verbose parsed url   host: null,
30 verbose parsed url   port: null,
30 verbose parsed url   hostname: null,
30 verbose parsed url   hash: null,
30 verbose parsed url   search: null,
30 verbose parsed url   query: null,
30 verbose parsed url   pathname: '~1.3.10',
30 verbose parsed url   path: '~1.3.10',
30 verbose parsed url   href: '~1.3.10' }
31 verbose addNamed [ 'mongodb', '~1.3.10' ]
32 verbose addNamed [ null, '>=1.3.10-0 <1.4.0-0' ]
33 verbose cache add name="https" spec="0.12.3" args=["https","0.12.3"]
34 verbose parsed url { protocol: null,
34 verbose parsed url   slashes: null,
34 verbose parsed url   auth: null,
34 verbose parsed url   host: null,
34 verbose parsed url   port: null,
34 verbose parsed url   hostname: null,
34 verbose parsed url   hash: null,
34 verbose parsed url   search: null,
34 verbose parsed url   query: null,
34 verbose parsed url   pathname: '0.12.3',
34 verbose parsed url   path: '0.12.3',
34 verbose parsed url   href: '0.12.3' }
35 verbose addNamed [ 'https', '0.12.3' ]
36 verbose addNamed [ '0.12.3', '0.12.3' ]
37 silly lockFile 25e694a9-consolidate-0-9-1 consolidate@~0.9.1
38 verbose lock consolidate@~0.9.1 C:\Users\Akshay\AppData\Roaming\npm-cache\25e694a9-consolidate-0-9-1.lock
39 silly lockFile 3a341b85-express-3-x express@3.x
40 verbose lock express@3.x C:\Users\Akshay\AppData\Roaming\npm-cache\3a341b85-express-3-x.lock
41 silly lockFile ce7d1e7f-mongodb-1-3-10 mongodb@~1.3.10
42 verbose lock mongodb@~1.3.10 C:\Users\Akshay\AppData\Roaming\npm-cache\ce7d1e7f-mongodb-1-3-10.lock
43 silly lockFile 0d39c968-https-0-12-3 https@0.12.3
44 verbose lock https@0.12.3 C:\Users\Akshay\AppData\Roaming\npm-cache\0d39c968-https-0-12-3.lock
45 silly addNameRange { name: 'consolidate',
45 silly addNameRange   range: '>=0.9.1-0 <0.10.0-0',
45 silly addNameRange   hasData: false }
46 silly addNameRange { name: 'mongodb', range: '>=1.3.10-0 <1.4.0-0', hasData: false }
47 silly addNameRange { name: 'express', range: '>=3.0.0-0 <4.0.0-0', hasData: false }
48 verbose request where is /https
49 verbose request registry https://registry.npmjs.org/
50 verbose request id bc45cf9983811c2d
51 verbose url raw /https
52 verbose url resolving [ 'https://registry.npmjs.org/', './https' ]
53 verbose url resolved https://registry.npmjs.org/https
54 verbose request where is https://registry.npmjs.org/https
55 info trying registry request attempt 1 at 05:50:30
56 verbose etag "E5A2P6GKYAVZBDCJ84DJPDERF"
57 http GET https://registry.npmjs.org/https
58 verbose request where is /consolidate
59 verbose request registry https://registry.npmjs.org/
60 verbose url raw /consolidate
61 verbose url resolving [ 'https://registry.npmjs.org/', './consolidate' ]
62 verbose url resolved https://registry.npmjs.org/consolidate
63 verbose request where is https://registry.npmjs.org/consolidate
64 info trying registry request attempt 1 at 05:50:30
65 verbose etag "EVCS7LC4O9OPP4KE329B4J5EB"
66 http GET https://registry.npmjs.org/consolidate
67 verbose request where is /express
68 verbose request registry https://registry.npmjs.org/
69 verbose url raw /express
70 verbose url resolving [ 'https://registry.npmjs.org/', './express' ]
71 verbose url resolved https://registry.npmjs.org/express
72 verbose request where is https://registry.npmjs.org/express
73 info trying registry request attempt 1 at 05:50:30
74 verbose etag "C0YZELSIJULLD6LMTIOQNHUSH"
75 http GET https://registry.npmjs.org/express
76 verbose request where is /mongodb
77 verbose request registry https://registry.npmjs.org/
78 verbose url raw /mongodb
79 verbose url resolving [ 'https://registry.npmjs.org/', './mongodb' ]
80 verbose url resolved https://registry.npmjs.org/mongodb
81 verbose request where is https://registry.npmjs.org/mongodb
82 info trying registry request attempt 1 at 05:50:30
83 verbose etag "6KE3YAORYO869GB10G7QVW0JP"
84 http GET https://registry.npmjs.org/mongodb
85 http 304 https://registry.npmjs.org/express
86 silly registry.get cb [ 304,
86 silly registry.get   { date: 'Sun, 24 May 2015 12:50:35 GMT',
86 silly registry.get     via: '1.1 varnish',
86 silly registry.get     'cache-control': 'max-age=60',
86 silly registry.get     etag: '"C0YZELSIJULLD6LMTIOQNHUSH"',
86 silly registry.get     age: '32',
86 silly registry.get     connection: 'keep-alive',
86 silly registry.get     'x-served-by': 'cache-lax1434-LAX',
86 silly registry.get     'x-cache': 'HIT',
86 silly registry.get     'x-cache-hits': '1',
86 silly registry.get     'x-timer': 'S1432471835.499461,VS0,VE2',
86 silly registry.get     vary: 'Accept' } ]
87 verbose etag https://registry.npmjs.org/express from cache
88 silly addNameRange number 2 { name: 'express', range: '>=3.0.0-0 <4.0.0-0', hasData: true }
89 silly addNameRange versions [ 'express',
89 silly addNameRange   [ '0.14.0',
89 silly addNameRange     '0.14.1',
89 silly addNameRange     '1.0.0',
89 silly addNameRange     '1.0.1',
89 silly addNameRange     '1.0.2',
89 silly addNameRange     '1.0.3',
89 silly addNameRange     '1.0.4',
89 silly addNameRange     '1.0.5',
89 silly addNameRange     '1.0.6',
89 silly addNameRange     '1.0.7',
89 silly addNameRange     '1.0.8',
89 silly addNameRange     '2.0.0',
89 silly addNameRange     '2.1.0',
89 silly addNameRange     '2.1.1',
89 silly addNameRange     '2.2.0',
89 silly addNameRange     '2.2.1',
89 silly addNameRange     '2.2.2',
89 silly addNameRange     '2.3.0',
89 silly addNameRange     '2.3.1',
89 silly addNameRange     '2.3.2',
89 silly addNameRange     '2.3.3',
89 silly addNameRange     '2.3.4',
89 silly addNameRange     '2.3.5',
89 silly addNameRange     '2.3.6',
89 silly addNameRange     '2.3.7',
89 silly addNameRange     '2.3.8',
89 silly addNameRange     '2.3.9',
89 silly addNameRange     '2.3.10',
89 silly addNameRange     '2.3.11',
89 silly addNameRange     '2.3.12',
89 silly addNameRange     '2.4.0',
89 silly addNameRange     '2.4.1',
89 silly addNameRange     '2.4.2',
89 silly addNameRange     '2.4.3',
89 silly addNameRange     '2.4.4',
89 silly addNameRange     '2.4.5',
89 silly addNameRange     '2.4.6',
89 silly addNameRange     '2.4.7',
89 silly addNameRange     '2.5.0',
89 silly addNameRange     '2.5.1',
89 silly addNameRange     '2.5.2',
89 silly addNameRange     '2.5.3',
89 silly addNameRange     '2.5.4',
89 silly addNameRange     '2.5.5',
89 silly addNameRange     '2.5.6',
89 silly addNameRange     '2.5.7',
89 silly addNameRange     '2.5.8',
89 silly addNameRange     '2.5.9',
89 silly addNameRange     '2.5.10',
89 silly addNameRange     '2.5.11',
89 silly addNameRange     '3.0.0',
89 silly addNameRange     '3.0.1',
89 silly addNameRange     '3.0.2',
89 silly addNameRange     '3.0.3',
89 silly addNameRange     '3.0.4',
89 silly addNameRange     '3.0.5',
89 silly addNameRange     '3.0.6',
89 silly addNameRange     '3.1.0',
89 silly addNameRange     '3.1.1',
89 silly addNameRange     '3.1.2',
89 silly addNameRange     '3.2.0',
89 silly addNameRange     '3.2.1',
89 silly addNameRange     '3.2.2',
89 silly addNameRange     '3.2.3',
89 silly addNameRange     '3.2.4',
89 silly addNameRange     '3.2.5',
89 silly addNameRange     '3.2.6',
89 silly addNameRange     '3.3.0',
89 silly addNameRange     '3.3.1',
89 silly addNameRange     '3.3.2',
89 silly addNameRange     '3.3.3',
89 silly addNameRange     '3.3.4',
89 silly addNameRange     '3.3.5',
89 silly addNameRange     '3.3.6',
89 silly addNameRange     '1.0.0-beta',
89 silly addNameRange     '1.0.0-beta2',
89 silly addNameRange     '1.0.0-rc',
89 silly addNameRange     '1.0.0-rc2',
89 silly addNameRange     '1.0.0-rc3',
89 silly addNameRange     '1.0.0-rc4',
89 silly addNameRange     '2.0.0-beta',
89 silly addNameRange     '2.0.0-beta2',
89 silly addNameRange     '2.0.0-beta3',
89 silly addNameRange     '2.0.0-rc',
89 silly addNameRange     '2.0.0-rc2',
89 silly addNameRange     '2.0.0-rc3',
89 silly addNameRange     '3.0.0-alpha1',
89 silly addNameRange     '3.0.0-alpha2',
89 silly addNameRange     '3.0.0-alpha3',
89 silly addNameRange     '3.0.0-alpha4',
89 silly addNameRange     '3.0.0-alpha5',
89 silly addNameRange     '3.0.0-beta1',
89 silly addNameRange     '3.0.0-beta2',
89 silly addNameRange     '3.0.0-beta3',
89 silly addNameRange     '3.0.0-beta4',
89 silly addNameRange     '3.0.0-beta6',
89 silly addNameRange     '3.0.0-beta7',
89 silly addNameRange     '3.0.0-rc1',
89 silly addNameRange     '3.0.0-rc2',
89 silly addNameRange     '3.0.0-rc3',
89 silly addNameRange     '3.0.0-rc4',
89 silly addNameRange     '3.0.0-rc5',
89 silly addNameRange     '3.3.7',
89 silly addNameRange     '3.3.8',
89 silly addNameRange     '3.4.0',
89 silly addNameRange     '3.4.1',
89 silly addNameRange     '3.4.2',
89 silly addNameRange     '3.4.3',
89 silly addNameRange     '3.4.4',
89 silly addNameRange     '3.4.5',
89 silly addNameRange     '3.4.6',
89 silly addNameRange     '3.4.7',
89 silly addNameRange     '3.4.8',
89 silly addNameRange     '4.0.0-rc1',
89 silly addNameRange     '4.0.0-rc2',
89 silly addNameRange     '3.5.0',
89 silly addNameRange     '4.0.0-rc3',
89 silly addNameRange     '4.0.0-rc4',
89 silly addNameRange     '3.5.1',
89 silly addNameRange     '4.0.0',
89 silly addNameRange     '3.5.2',
89 silly addNameRange     '4.1.0',
89 silly addNameRange     '4.1.1',
89 silly addNameRange     '3.5.3',
89 silly addNameRange     '4.1.2',
89 silly addNameRange     '3.6.0',
89 silly addNameRange     '4.2.0',
89 silly addNameRange     '3.7.0',
89 silly addNameRange     '3.8.0',
89 silly addNameRange     '4.3.0',
89 silly addNameRange     '4.3.1',
89 silly addNameRange     '3.8.1',
89 silly addNameRange     '4.3.2',
89 silly addNameRange     '3.9.0',
89 silly addNameRange     '4.4.0',
89 silly addNameRange     '4.4.1',
89 silly addNameRange     '3.10.0',
89 silly addNameRange     '3.10.1',
89 silly addNameRange     '3.10.2',
89 silly addNameRange     '3.10.3',
89 silly addNameRange     '3.10.4',
89 silly addNameRange     '4.4.2',
89 silly addNameRange     '3.10.5',
89 silly addNameRange     '4.4.3',
89 silly addNameRange     '3.11.0',
89 silly addNameRange     '4.4.4',
89 silly addNameRange     '3.12.0',
89 silly addNameRange     '3.12.1',
89 silly addNameRange     '4.4.5',
89 silly addNameRange     '3.13.0',
89 silly addNameRange     '4.5.0',
89 silly addNameRange     '4.5.1',
89 silly addNameRange     '3.14.0',
89 silly addNameRange     '4.6.0',
89 silly addNameRange     '4.6.1',
89 silly addNameRange     '3.15.0',
89 silly addNameRange     '4.7.0',
89 silly addNameRange     '3.15.1',
89 silly addNameRange     '4.7.1',
89 silly addNameRange     '3.15.2',
89 silly addNameRange     '4.7.2',
89 silly addNameRange     '4.7.3',
89 silly addNameRange     '3.15.3',
89 silly addNameRange     '4.7.4',
89 silly addNameRange     '3.16.0',
89 silly addNameRange     '4.8.0',
89 silly addNameRange     '3.16.1',
89 silly addNameRange     '4.8.1',
89 silly addNameRange     '3.16.2',
89 silly addNameRange     '4.8.2',
89 silly addNameRange     '3.16.3',
89 silly addNameRange     '3.16.4',
89 silly addNameRange     '4.8.3',
89 silly addNameRange     '3.16.5',
89 silly addNameRange     '3.16.6',
89 silly addNameRange     '4.8.4',
89 silly addNameRange     '3.16.7',
89 silly addNameRange     '4.8.5',
89 silly addNameRange     '3.16.8',
89 silly addNameRange     '4.8.6',
89 silly addNameRange     '3.16.9',
89 silly addNameRange     '4.8.7',
89 silly addNameRange     '3.16.10',
89 silly addNameRange     '4.8.8',
89 silly addNameRange     '3.17.0',
89 silly addNameRange     '3.17.1',
89 silly addNameRange     '4.9.0',
89 silly addNameRange     '3.17.2',
89 silly addNameRange     '4.9.1',
89 silly addNameRange     '4.9.2',
89 silly addNameRange     '3.17.3',
89 silly addNameRange     '4.9.3',
89 silly addNameRange     '3.17.4',
89 silly addNameRange     '4.9.4',
89 silly addNameRange     '3.17.5',
89 silly addNameRange     '4.9.5',
89 silly addNameRange     '3.17.6',
89 silly addNameRange     '3.17.7',
89 silly addNameRange     '4.9.6',
89 silly addNameRange     '4.9.7',
89 silly addNameRange     '3.17.8',
89 silly addNameRange     '4.9.8',
89 silly addNameRange     '3.18.0',
89 silly addNameRange     '3.18.1',
89 silly addNameRange     '4.10.0',
89 silly addNameRange     '3.18.2',
89 silly addNameRange     '4.10.1',
89 silly addNameRange     '5.0.0-alpha.1',
89 silly addNameRange     '3.18.3',
89 silly addNameRange     '4.10.2',
89 silly addNameRange     '3.18.4',
89 silly addNameRange     '4.10.3',
89 silly addNameRange     '4.10.4',
89 silly addNameRange     '4.10.5',
89 silly addNameRange     '3.18.5',
89 silly addNameRange     '3.18.6',
89 silly addNameRange     '4.10.6',
89 silly addNameRange     '4.10.7',
89 silly addNameRange     '3.19.0',
89 silly addNameRange     '4.10.8',
89 silly addNameRange     '4.11.0',
89 silly addNameRange     '3.19.1',
89 silly addNameRange     '4.11.1',
89 silly addNameRange     '3.19.2',
89 silly addNameRange     '4.11.2',
89 silly addNameRange     '3.20.0',
89 silly addNameRange     '4.12.0',
89 silly addNameRange     '3.20.1',
89 silly addNameRange     '4.12.1',
89 silly addNameRange     '4.12.2',
89 silly addNameRange     '3.20.2',
89 silly addNameRange     '4.12.3',
89 silly addNameRange     '3.20.3',
89 silly addNameRange     '4.12.4' ] ]
90 verbose addNamed [ 'express', '3.20.3' ]
91 verbose addNamed [ '3.20.3', '3.20.3' ]
92 silly lockFile e28f798a-express-3-20-3 express@3.20.3
93 verbose lock express@3.20.3 C:\Users\Akshay\AppData\Roaming\npm-cache\e28f798a-express-3-20-3.lock
94 http 304 https://registry.npmjs.org/consolidate
95 silly registry.get cb [ 304,
95 silly registry.get   { date: 'Sun, 24 May 2015 12:50:35 GMT',
95 silly registry.get     via: '1.1 varnish',
95 silly registry.get     'cache-control': 'max-age=60',
95 silly registry.get     etag: '"EVCS7LC4O9OPP4KE329B4J5EB"',
95 silly registry.get     age: '0',
95 silly registry.get     connection: 'keep-alive',
95 silly registry.get     'x-served-by': 'cache-lax1426-LAX',
95 silly registry.get     'x-cache': 'HIT',
95 silly registry.get     'x-cache-hits': '1',
95 silly registry.get     'x-timer': 'S1432471835.499457,VS0,VE45',
95 silly registry.get     vary: 'Accept' } ]
96 verbose etag https://registry.npmjs.org/consolidate from cache
97 silly lockFile e28f798a-express-3-20-3 express@3.20.3
98 silly lockFile e28f798a-express-3-20-3 express@3.20.3
99 silly addNameRange number 2 { name: 'consolidate',
99 silly addNameRange   range: '>=0.9.1-0 <0.10.0-0',
99 silly addNameRange   hasData: true }
100 silly addNameRange versions [ 'consolidate',
100 silly addNameRange   [ '0.0.1',
100 silly addNameRange     '0.1.0',
100 silly addNameRange     '0.2.0',
100 silly addNameRange     '0.3.0',
100 silly addNameRange     '0.3.1',
100 silly addNameRange     '0.4.0',
100 silly addNameRange     '0.5.0',
100 silly addNameRange     '0.6.0',
100 silly addNameRange     '0.7.0',
100 silly addNameRange     '0.8.0',
100 silly addNameRange     '0.9.0',
100 silly addNameRange     '0.9.1',
100 silly addNameRange     '0.10.0',
100 silly addNameRange     '0.11.0',
100 silly addNameRange     '0.12.0',
100 silly addNameRange     '0.12.1' ] ]
101 verbose addNamed [ 'consolidate', '0.9.1' ]
102 verbose addNamed [ '0.9.1', '0.9.1' ]
103 silly lockFile 8ae528db-consolidate-0-9-1 consolidate@0.9.1
104 verbose lock consolidate@0.9.1 C:\Users\Akshay\AppData\Roaming\npm-cache\8ae528db-consolidate-0-9-1.lock
105 silly lockFile 3a341b85-express-3-x express@3.x
106 silly lockFile 3a341b85-express-3-x express@3.x
107 silly lockFile 8ae528db-consolidate-0-9-1 consolidate@0.9.1
108 silly lockFile 8ae528db-consolidate-0-9-1 consolidate@0.9.1
109 silly lockFile 25e694a9-consolidate-0-9-1 consolidate@~0.9.1
110 silly lockFile 25e694a9-consolidate-0-9-1 consolidate@~0.9.1
111 http 304 https://registry.npmjs.org/https
112 silly registry.get cb [ 304,
112 silly registry.get   { date: 'Sun, 24 May 2015 12:50:35 GMT',
112 silly registry.get     via: '1.1 varnish',
112 silly registry.get     'cache-control': 'max-age=60',
112 silly registry.get     etag: '"E5A2P6GKYAVZBDCJ84DJPDERF"',
112 silly registry.get     age: '0',
112 silly registry.get     connection: 'keep-alive',
112 silly registry.get     'x-served-by': 'cache-lax1421-LAX',
112 silly registry.get     'x-cache': 'MISS',
112 silly registry.get     'x-cache-hits': '0',
112 silly registry.get     'x-timer': 'S1432471835.499494,VS0,VE334',
112 silly registry.get     vary: 'Accept' } ]
113 verbose etag https://registry.npmjs.org/https from cache
114 silly lockFile 0d39c968-https-0-12-3 https@0.12.3
115 silly lockFile 0d39c968-https-0-12-3 https@0.12.3
116 http 304 https://registry.npmjs.org/mongodb
117 silly registry.get cb [ 304,
117 silly registry.get   { date: 'Sun, 24 May 2015 12:50:35 GMT',
117 silly registry.get     via: '1.1 varnish',
117 silly registry.get     'cache-control': 'max-age=60',
117 silly registry.get     etag: '"6KE3YAORYO869GB10G7QVW0JP"',
117 silly registry.get     age: '0',
117 silly registry.get     connection: 'keep-alive',
117 silly registry.get     'x-served-by': 'cache-lax1425-LAX',
117 silly registry.get     'x-cache': 'HIT',
117 silly registry.get     'x-cache-hits': '1',
117 silly registry.get     'x-timer': 'S1432471835.499381,VS0,VE339',
117 silly registry.get     vary: 'Accept' } ]
118 verbose etag https://registry.npmjs.org/mongodb from cache
119 silly addNameRange number 2 { name: 'mongodb', range: '>=1.3.10-0 <1.4.0-0', hasData: true }
120 silly addNameRange versions [ 'mongodb',
120 silly addNameRange   [ '0.9.4',
120 silly addNameRange     '0.9.4-4',
120 silly addNameRange     '0.9.3',
120 silly addNameRange     '0.9.1',
120 silly addNameRange     '0.9.2',
120 silly addNameRange     '0.9.6-7',
120 silly addNameRange     '0.9.6-8',
120 silly addNameRange     '0.9.6-9',
120 silly addNameRange     '0.9.6-10',
120 silly addNameRange     '0.9.6-11',
120 silly addNameRange     '0.9.6-12',
120 silly addNameRange     '0.9.6-13',
120 silly addNameRange     '0.9.6-14',
120 silly addNameRange     '0.9.6-15',
120 silly addNameRange     '0.9.6-16',
120 silly addNameRange     '0.9.6-17',
120 silly addNameRange     '0.9.6-18',
120 silly addNameRange     '0.9.6-19',
120 silly addNameRange     '0.9.6-20',
120 silly addNameRange     '0.9.6-21',
120 silly addNameRange     '0.9.6-22',
120 silly addNameRange     '0.9.6-23',
120 silly addNameRange     '0.9.7',
120 silly addNameRange     '0.9.7-0',
120 silly addNameRange     '0.9.7-1',
120 silly addNameRange     '0.9.7-1.1',
120 silly addNameRange     '0.9.7-1.2',
120 silly addNameRange     '0.9.7-1.3',
120 silly addNameRange     '0.9.7-1.4',
120 silly addNameRange     '0.9.7-2',
120 silly addNameRange     '0.9.7-2-1',
120 silly addNameRange     '0.9.7-2-2',
120 silly addNameRange     '0.9.7-2-3',
120 silly addNameRange     '0.9.7-2-4',
120 silly addNameRange     '0.9.7-2-5',
120 silly addNameRange     '0.9.7-3',
120 silly addNameRange     '0.9.7-3-1',
120 silly addNameRange     '0.9.7-3-2',
120 silly addNameRange     '0.9.7-3-3',
120 silly addNameRange     '0.9.7-3-4',
120 silly addNameRange     '0.9.7-3-5',
120 silly addNameRange     '0.9.8',
120 silly addNameRange     '0.9.8-1',
120 silly addNameRange     '0.9.8-2',
120 silly addNameRange     '0.9.8-3',
120 silly addNameRange     '0.9.8-4',
120 silly addNameRange     '0.9.8-5',
120 silly addNameRange     '0.9.8-6',
120 silly addNameRange     '0.9.8-7',
120 silly addNameRange     '0.9.9',
120 silly addNameRange     '0.9.9-1',
120 silly addNameRange     '0.9.9-2',
120 silly addNameRange     '0.9.9-3',
120 silly addNameRange     '0.9.9-4',
120 silly addNameRange     '0.9.9-5',
120 silly addNameRange     '0.9.9-6',
120 silly addNameRange     '0.9.9-7',
120 silly addNameRange     '0.9.9-8',
120 silly addNameRange     '1.0.0',
120 silly addNameRange     '1.0.1',
120 silly addNameRange     '1.0.2',
120 silly addNameRange     '1.1.0-beta',
120 silly addNameRange     '1.1.0',
120 silly addNameRange     '1.1.1',
120 silly addNameRange     '1.1.2',
120 silly addNameRange     '1.1.3',
120 silly addNameRange     '1.1.4',
120 silly addNameRange     '1.1.5',
120 silly addNameRange     '1.1.6',
120 silly addNameRange     '1.1.7',
120 silly addNameRange     '1.1.8',
120 silly addNameRange     '1.1.9',
120 silly addNameRange     '1.1.10',
120 silly addNameRange     '1.1.11',
120 silly addNameRange     '1.2.0',
120 silly addNameRange     '1.2.1',
120 silly addNameRange     '1.2.2',
120 silly addNameRange     '1.2.3',
120 silly addNameRange     '1.2.4',
120 silly addNameRange     '1.2.5',
120 silly addNameRange     '1.2.6',
120 silly addNameRange     '1.2.7',
120 silly addNameRange     '1.2.8',
120 silly addNameRange     '1.2.9',
120 silly addNameRange     '1.2.10',
120 silly addNameRange     '1.2.11',
120 silly addNameRange     '1.2.12',
120 silly addNameRange     '1.2.13',
120 silly addNameRange     '1.2.14',
120 silly addNameRange     '1.3.0',
120 silly addNameRange     '1.3.1',
120 silly addNameRange     '1.3.2',
120 silly addNameRange     '1.3.3',
120 silly addNameRange     '1.3.4',
120 silly addNameRange     '1.3.5',
120 silly addNameRange     '1.3.6',
120 silly addNameRange     '1.3.7',
120 silly addNameRange     '1.3.8',
120 silly addNameRange     '1.3.9',
120 silly addNameRange     '1.3.10',
120 silly addNameRange     '1.3.11',
120 silly addNameRange     '1.3.12',
120 silly addNameRange     '1.3.14',
120 silly addNameRange     '1.3.15',
120 silly addNameRange     '1.3.17',
120 silly addNameRange     '1.3.18',
120 silly addNameRange     '1.3.19',
120 silly addNameRange     '1.4.0-rc2',
120 silly addNameRange     '1.3.20',
120 silly addNameRange     '1.4.0-rc3',
120 silly addNameRange     '1.3.21',
120 silly addNameRange     '1.3.22',
120 silly addNameRange     '1.3.23',
120 silly addNameRange     '1.4.0-rc4',
120 silly addNameRange     '1.4.0-rc5',
120 silly addNameRange     '1.4.0-rc6',
120 silly addNameRange     '1.4.0-rc7',
120 silly addNameRange     '1.4.0-rc8',
120 silly addNameRange     '1.4.0-rc9',
120 silly addNameRange     '1.4.0-rc10',
120 silly addNameRange     '1.4.0',
120 silly addNameRange     '1.4.1',
120 silly addNameRange     '1.4.2',
120 silly addNameRange     '1.4.3',
120 silly addNameRange     '1.4.4',
120 silly addNameRange     '1.4.5',
120 silly addNameRange     '1.4.6',
120 silly addNameRange     '1.4.7',
120 silly addNameRange     '1.4.8',
120 silly addNameRange     '1.4.9',
120 silly addNameRange     '1.4.10',
120 silly addNameRange     '2.0.0-alpha1',
120 silly addNameRange     '1.4.11',
120 silly addNameRange     '1.4.12',
120 silly addNameRange     '1.4.14',
120 silly addNameRange     '1.4.15',
120 silly addNameRange     '1.4.16',
120 silly addNameRange     '1.4.17',
120 silly addNameRange     '2.0.0-alpha2',
120 silly addNameRange     '1.4.18',
120 silly addNameRange     '2.0.0',
120 silly addNameRange     '2.0.1',
120 silly addNameRange     '2.0.2',
120 silly addNameRange     '1.4.19',
120 silly addNameRange     '2.0.3',
120 silly addNameRange     '2.0.4',
120 silly addNameRange     '2.0.5',
120 silly addNameRange     '2.0.6',
120 silly addNameRange     '1.4.20',
120 silly addNameRange     '1.4.22',
120 silly addNameRange     '2.0.7',
120 silly addNameRange     '2.0.8',
120 silly addNameRange     '2.0.9',
120 silly addNameRange     '1.4.23',
120 silly addNameRange     '2.0.10',
120 silly addNameRange     '1.4.24',
120 silly addNameRange     '2.0.11',
120 silly addNameRange     '1.4.25',
120 silly addNameRange     '2.0.12',
120 silly addNameRange     '1.4.26',
120 silly addNameRange     '1.4.27',
120 silly addNameRange     '1.4.28',
120 silly addNameRange     '2.0.13',
120 silly addNameRange     '2.0.14',
120 silly addNameRange     '1.4.29',
120 silly addNameRange     '2.0.15',
120 silly addNameRange     '1.4.30',
120 silly addNameRange     '2.0.16',
120 silly addNameRange     '1.4.31',
120 silly addNameRange     '2.0.17',
120 silly addNameRange     '1.4.32',
120 silly addNameRange     '2.0.18',
120 silly addNameRange     '2.0.19',
120 silly addNameRange     '1.4.33',
120 silly addNameRange     '2.0.20',
120 silly addNameRange     '2.0.21',
120 silly addNameRange     '1.4.34',
120 silly addNameRange     '2.0.22',
120 silly addNameRange     '2.0.23',
120 silly addNameRange     '1.4.35',
120 silly addNameRange     '2.0.24',
120 silly addNameRange     '2.0.25',
120 silly addNameRange     '2.0.26',
120 silly addNameRange     '2.0.27',
120 silly addNameRange     '2.0.28',
120 silly addNameRange     '2.0.29',
120 silly addNameRange     '1.4.36',
120 silly addNameRange     '2.0.30',
120 silly addNameRange     '1.4.37',
120 silly addNameRange     '2.0.31',
120 silly addNameRange     '1.4.38',
120 silly addNameRange     '2.0.32',
120 silly addNameRange     '2.0.33' ] ]
121 verbose addNamed [ 'mongodb', '1.3.23' ]
122 verbose addNamed [ '1.3.23', '1.3.23' ]
123 silly lockFile 130bb479-mongodb-1-3-23 mongodb@1.3.23
124 verbose lock mongodb@1.3.23 C:\Users\Akshay\AppData\Roaming\npm-cache\130bb479-mongodb-1-3-23.lock
125 silly lockFile 130bb479-mongodb-1-3-23 mongodb@1.3.23
126 silly lockFile 130bb479-mongodb-1-3-23 mongodb@1.3.23
127 silly lockFile ce7d1e7f-mongodb-1-3-10 mongodb@~1.3.10
128 silly lockFile ce7d1e7f-mongodb-1-3-10 mongodb@~1.3.10
129 error Error: version not found: https@0.12.3
129 error     at C:\Program Files\nodejs\node_modules\npm\lib\cache\add-named.js:125:12
129 error     at saved (C:\Program Files\nodejs\node_modules\npm\node_modules\npm-registry-client\lib\get.js:167:7)
129 error     at Object.oncomplete (fs.js:108:15)
130 error If you need help, you may report this *entire* log,
130 error including the npm and node versions, at:
130 error     <http://github.com/npm/npm/issues>
131 error System Windows_NT 6.2.9200
132 error command "C:\\Program Files\\nodejs\\\\node.exe" "C:\\Program Files\\nodejs\\node_modules\\npm\\bin\\npm-cli.js" "install"
133 error cwd C:\Users\Akshay\Documents\GitHub\giftgenie.io
134 error node -v v0.10.36
135 error npm -v 1.4.28
136 verbose exit [ 1, true ]
